************* Module jenkins_tutorial.compute_highest_affinity
compute_highest_affinity.py:35: [W0511(fixme), ] XXX: Make sure the sites are in alphabetical order so they
compute_highest_affinity.py:3: [C0303(trailing-whitespace), ] Trailing whitespace
compute_highest_affinity.py:12: [C0303(trailing-whitespace), ] Trailing whitespace
compute_highest_affinity.py:23: [C0303(trailing-whitespace), ] Trailing whitespace
compute_highest_affinity.py:1: [C0111(missing-docstring), ] Missing module docstring
compute_highest_affinity.py:9: [C0111(missing-docstring), highest_affinity] Missing function docstring
compute_highest_affinity.py:34: [C0103(invalid-name), highest_affinity] Invalid variable name "n"
compute_highest_affinity.py:45: [W0101(unreachable), highest_affinity] Unreachable code
compute_highest_affinity.py:9: [W0613(unused-argument), highest_affinity] Unused argument 'time_list'
************* Module jenkins_tutorial.tests.test1
tests/test1.py:10: [C0303(trailing-whitespace), ] Trailing whitespace
tests/test1.py:11: [C0303(trailing-whitespace), ] Trailing whitespace
tests/test1.py:14: [C0303(trailing-whitespace), ] Trailing whitespace
tests/test1.py:1: [C0111(missing-docstring), ] Missing module docstring
tests/test1.py:5: [C0111(missing-docstring), ControlledTests] Missing class docstring
tests/test1.py:7: [C0111(missing-docstring), ControlledTests.test1] Missing method docstring


Report
======
41 statements analysed.

Statistics by type
------------------

+---------+-------+-----------+-----------+------------+---------+
|type     |number |old number |difference |%documented |%badname |
+=========+=======+===========+===========+============+=========+
|module   |4      |NC         |NC         |50.00       |0.00     |
+---------+-------+-----------+-----------+------------+---------+
|class    |1      |NC         |NC         |0.00        |0.00     |
+---------+-------+-----------+-----------+------------+---------+
|method   |1      |NC         |NC         |0.00        |0.00     |
+---------+-------+-----------+-----------+------------+---------+
|function |1      |NC         |NC         |0.00        |0.00     |
+---------+-------+-----------+-----------+------------+---------+



External dependencies
---------------------
::

    jenkins_tutorial 
      \-compute_highest_affinity (jenkins_tutorial.tests.test1)



Raw metrics
-----------

+----------+-------+------+---------+-----------+
|type      |number |%     |previous |difference |
+==========+=======+======+=========+===========+
|code      |44     |55.00 |NC       |NC         |
+----------+-------+------+---------+-----------+
|docstring |0      |0.00  |NC       |NC         |
+----------+-------+------+---------+-----------+
|comment   |17     |21.25 |NC       |NC         |
+----------+-------+------+---------+-----------+
|empty     |19     |23.75 |NC       |NC         |
+----------+-------+------+---------+-----------+



Duplication
-----------

+-------------------------+------+---------+-----------+
|                         |now   |previous |difference |
+=========================+======+=========+===========+
|nb duplicated lines      |0     |NC       |NC         |
+-------------------------+------+---------+-----------+
|percent duplicated lines |0.000 |NC       |NC         |
+-------------------------+------+---------+-----------+



Messages by category
--------------------

+-----------+-------+---------+-----------+
|type       |number |previous |difference |
+===========+=======+=========+===========+
|convention |12     |NC       |NC         |
+-----------+-------+---------+-----------+
|refactor   |0      |NC       |NC         |
+-----------+-------+---------+-----------+
|warning    |3      |NC       |NC         |
+-----------+-------+---------+-----------+
|error      |0      |NC       |NC         |
+-----------+-------+---------+-----------+



% errors / warnings by module
-----------------------------

+------------------------------------------+------+--------+---------+-----------+
|module                                    |error |warning |refactor |convention |
+==========================================+======+========+=========+===========+
|jenkins_tutorial.compute_highest_affinity |0.00  |100.00  |0.00     |50.00      |
+------------------------------------------+------+--------+---------+-----------+
|jenkins_tutorial.tests.test1              |0.00  |0.00    |0.00     |50.00      |
+------------------------------------------+------+--------+---------+-----------+



Messages
--------

+--------------------+------------+
|message id          |occurrences |
+====================+============+
|trailing-whitespace |6           |
+--------------------+------------+
|missing-docstring   |5           |
+--------------------+------------+
|unused-argument     |1           |
+--------------------+------------+
|unreachable         |1           |
+--------------------+------------+
|invalid-name        |1           |
+--------------------+------------+
|fixme               |1           |
+--------------------+------------+



Global evaluation
-----------------
Your code has been rated at 6.34/10

